<?xml version="1.0" encoding="UTF-8"?>
<testng-results ignored="0" total="3" passed="3" failed="0" skipped="0">
  <reporter-output>
  </reporter-output>
  <suite started-at="2024-12-01T11:16:38 EST" name="Default suite" finished-at="2024-12-01T11:16:42 EST" duration-ms="4368">
    <groups>
    </groups>
    <test started-at="2024-12-01T11:16:38 EST" name="Default test" finished-at="2024-12-01T11:16:42 EST" duration-ms="4368">
      <class name="assignment4.ApiTest">
        <test-method signature="testAllPosts()[pri:0, instance:assignment4.ApiTest@7334aada]" started-at="2024-12-01T11:16:38 EST" name="testAllPosts" finished-at="2024-12-01T11:16:41 EST" duration-ms="3466" status="PASS">
          <reporter-output>
          </reporter-output>
        </test-method> <!-- testAllPosts -->
        <test-method signature="testGetRequest()[pri:0, instance:assignment4.ApiTest@7334aada]" started-at="2024-12-01T11:16:41 EST" name="testGetRequest" finished-at="2024-12-01T11:16:41 EST" duration-ms="133" status="PASS">
          <reporter-output>
          </reporter-output>
        </test-method> <!-- testGetRequest -->
        <test-method signature="testPostRequest()[pri:0, instance:assignment4.ApiTest@7334aada]" started-at="2024-12-01T11:16:41 EST" name="testPostRequest" finished-at="2024-12-01T11:16:42 EST" duration-ms="711" status="PASS">
          <reporter-output>
          </reporter-output>
        </test-method> <!-- testPostRequest -->
      </class> <!-- assignment4.ApiTest -->
    </test> <!-- Default test -->
  </suite> <!-- Default suite -->
</testng-results>
