<?xml version="1.0" encoding="UTF-8"?>
<!-- Generated by org.testng.reporters.JUnitXMLReporter -->
<testsuite ignored="0" hostname="DESKTOP-NLEUQUR" failures="0" tests="3" name="Default test" time="4.368" errors="0" timestamp="2024-12-01T11:16:42 EST">
  <testcase classname="assignment4.ApiTest" name="testAllPosts" time="3.466"/>
  <testcase classname="assignment4.ApiTest" name="testGetRequest" time="0.133"/>
  <testcase classname="assignment4.ApiTest" name="testPostRequest" time="0.711"/>
</testsuite> <!-- Default test -->
